<?xml version="1.0" encoding="UTF-8"?>
<testng-results ignored="0" total="6" passed="5" failed="1" skipped="0">
  <reporter-output>
  </reporter-output>
  <suite started-at="2025-10-23T21:24:11 IST" name="Suite" finished-at="2025-10-23T21:24:31 IST" duration-ms="19456">
    <groups>
      <group name="ErrorHandling">
        <method signature="ErrorValidation.LoginErrorValidation()[pri:0, instance:com.enterprise.tests.ErrorValidation@9cb8225]" name="LoginErrorValidation" class="com.enterprise.tests.ErrorValidation"/>
      </group> <!-- ErrorHandling -->
    </groups>
    <test started-at="2025-10-23T21:24:11 IST" name="Error Validation Test" finished-at="2025-10-23T21:24:25 IST" duration-ms="13933">
      <class name="com.enterprise.tests.ErrorValidation">
        <test-method is-config="true" signature="launchApplication()[pri:0, instance:com.enterprise.tests.ErrorValidation@9cb8225]" started-at="2025-10-23T21:24:11 IST" name="launchApplication" finished-at="2025-10-23T21:24:16 IST" duration-ms="4466" status="PASS">
          <reporter-output>
          </reporter-output>
        </test-method> <!-- launchApplication -->
        <test-method signature="LoginErrorValidation()[pri:0, instance:com.enterprise.tests.ErrorValidation@9cb8225]" started-at="2025-10-23T21:24:16 IST" name="LoginErrorValidation" finished-at="2025-10-23T21:24:17 IST" duration-ms="1048" status="PASS">
          <reporter-output>
          </reporter-output>
        </test-method> <!-- LoginErrorValidation -->
        <test-method is-config="true" signature="tearDown()[pri:0, instance:com.enterprise.tests.ErrorValidation@9cb8225]" started-at="2025-10-23T21:24:17 IST" name="tearDown" finished-at="2025-10-23T21:24:17 IST" duration-ms="164" status="PASS">
          <reporter-output>
          </reporter-output>
        </test-method> <!-- tearDown -->
        <test-method is-config="true" signature="launchApplication()[pri:0, instance:com.enterprise.tests.ErrorValidation@9cb8225]" started-at="2025-10-23T21:24:17 IST" name="launchApplication" finished-at="2025-10-23T21:24:23 IST" duration-ms="6000" status="PASS">
          <reporter-output>
          </reporter-output>
        </test-method> <!-- launchApplication -->
        <test-method signature="ProductErrorValidation()[pri:0, instance:com.enterprise.tests.ErrorValidation@9cb8225]" started-at="2025-10-23T21:24:23 IST" name="ProductErrorValidation" finished-at="2025-10-23T21:24:25 IST" duration-ms="2081" status="PASS">
          <reporter-output>
          </reporter-output>
        </test-method> <!-- ProductErrorValidation -->
        <test-method is-config="true" signature="tearDown()[pri:0, instance:com.enterprise.tests.ErrorValidation@9cb8225]" started-at="2025-10-23T21:24:25 IST" name="tearDown" finished-at="2025-10-23T21:24:25 IST" duration-ms="146" status="PASS">
          <reporter-output>
          </reporter-output>
        </test-method> <!-- tearDown -->
      </class> <!-- com.enterprise.tests.ErrorValidation -->
    </test> <!-- Error Validation Test -->
    <test started-at="2025-10-23T21:24:11 IST" name="Submit Order Test" finished-at="2025-10-23T21:24:28 IST" duration-ms="17086">
      <class name="com.enterprise.tests.SubmitOrderTest">
        <test-method is-config="true" signature="launchApplication()[pri:0, instance:com.enterprise.tests.SubmitOrderTest@7d9f158f]" started-at="2025-10-23T21:24:11 IST" name="launchApplication" finished-at="2025-10-23T21:24:16 IST" duration-ms="4282" status="PASS">
          <reporter-output>
          </reporter-output>
        </test-method> <!-- launchApplication -->
        <test-method signature="submitOrder(java.util.HashMap)[pri:0, instance:com.enterprise.tests.SubmitOrderTest@7d9f158f]" started-at="2025-10-23T21:24:16 IST" name="submitOrder" data-provider="getData" finished-at="2025-10-23T21:24:19 IST" duration-ms="3088" status="PASS">
          <params>
            <param index="0">
              <value>
                <![CDATA[{password=Selenium@18, product=ZARA COAT 3, email=superduper1@gmail.com}]]>
              </value>
            </param>
          </params>
          <reporter-output>
          </reporter-output>
        </test-method> <!-- submitOrder -->
        <test-method is-config="true" signature="tearDown()[pri:0, instance:com.enterprise.tests.SubmitOrderTest@7d9f158f]" started-at="2025-10-23T21:24:19 IST" name="tearDown" finished-at="2025-10-23T21:24:19 IST" duration-ms="154" status="PASS">
          <reporter-output>
          </reporter-output>
        </test-method> <!-- tearDown -->
        <test-method is-config="true" signature="launchApplication()[pri:0, instance:com.enterprise.tests.SubmitOrderTest@7d9f158f]" started-at="2025-10-23T21:24:19 IST" name="launchApplication" finished-at="2025-10-23T21:24:23 IST" duration-ms="4189" status="PASS">
          <reporter-output>
          </reporter-output>
        </test-method> <!-- launchApplication -->
        <test-method signature="submitOrder(java.util.HashMap)[pri:0, instance:com.enterprise.tests.SubmitOrderTest@7d9f158f]" started-at="2025-10-23T21:24:23 IST" name="submitOrder" data-provider="getData" finished-at="2025-10-23T21:24:26 IST" duration-ms="2872" status="PASS">
          <params>
            <param index="0">
              <value>
                <![CDATA[{password=Iamking@0000, product=ADIDAS ORIGINAL, email=vanshika12@gmail.com}]]>
              </value>
            </param>
          </params>
          <reporter-output>
          </reporter-output>
        </test-method> <!-- submitOrder -->
        <test-method is-config="true" signature="tearDown()[pri:0, instance:com.enterprise.tests.SubmitOrderTest@7d9f158f]" started-at="2025-10-23T21:24:26 IST" name="tearDown" finished-at="2025-10-23T21:24:26 IST" duration-ms="164" status="PASS">
          <reporter-output>
          </reporter-output>
        </test-method> <!-- tearDown -->
        <test-method is-config="true" signature="launchApplication()[pri:0, instance:com.enterprise.tests.SubmitOrderTest@7d9f158f]" started-at="2025-10-23T21:24:26 IST" name="launchApplication" finished-at="2025-10-23T21:24:27 IST" duration-ms="1341" status="PASS">
          <reporter-output>
          </reporter-output>
        </test-method> <!-- launchApplication -->
        <test-method signature="OrderHistoryTest()[pri:0, instance:com.enterprise.tests.SubmitOrderTest@7d9f158f]" started-at="2025-10-23T21:24:27 IST" name="OrderHistoryTest" finished-at="2025-10-23T21:24:28 IST" depends-on-methods="com.enterprise.tests.SubmitOrderTest.submitOrder" duration-ms="655" status="PASS">
          <reporter-output>
          </reporter-output>
        </test-method> <!-- OrderHistoryTest -->
        <test-method is-config="true" signature="tearDown()[pri:0, instance:com.enterprise.tests.SubmitOrderTest@7d9f158f]" started-at="2025-10-23T21:24:28 IST" name="tearDown" finished-at="2025-10-23T21:24:28 IST" duration-ms="160" status="PASS">
          <reporter-output>
          </reporter-output>
        </test-method> <!-- tearDown -->
      </class> <!-- com.enterprise.tests.SubmitOrderTest -->
    </test> <!-- Submit Order Test -->
    <test started-at="2025-10-23T21:24:11 IST" name="Standalone Test" finished-at="2025-10-23T21:24:31 IST" duration-ms="19456">
      <class name="com.enterprise.tests.StandAloneTest">
        <test-method is-config="true" signature="launchApplication()[pri:0, instance:com.enterprise.tests.StandAloneTest@5a5a729f]" started-at="2025-10-23T21:24:11 IST" name="launchApplication" finished-at="2025-10-23T21:24:18 IST" duration-ms="6732" status="PASS">
          <reporter-output>
          </reporter-output>
        </test-method> <!-- launchApplication -->
        <test-method signature="orderTest()[pri:0, instance:com.enterprise.tests.StandAloneTest@5a5a729f]" started-at="2025-10-23T21:24:18 IST" name="orderTest" finished-at="2025-10-23T21:24:30 IST" duration-ms="12370" status="FAIL">
          <exception class="java.lang.AssertionError">
            <message>
              <![CDATA[expected [true] but found [false]]]>
            </message>
            <full-stacktrace>
              <![CDATA[java.lang.AssertionError: expected [true] but found [false]
at org.testng.Assert.fail(Assert.java:111)
at org.testng.Assert.failNotEquals(Assert.java:1578)
at org.testng.Assert.assertTrue(Assert.java:57)
at org.testng.Assert.assertTrue(Assert.java:67)
at com.enterprise.tests.StandAloneTest.orderTest(StandAloneTest.java:49)
at java.base/jdk.internal.reflect.DirectMethodHandleAccessor.invoke(DirectMethodHandleAccessor.java:103)
at java.base/java.lang.reflect.Method.invoke(Method.java:580)
at org.testng.internal.invokers.MethodInvocationHelper.invokeMethod(MethodInvocationHelper.java:141)
at org.testng.internal.invokers.TestInvoker.invokeMethod(TestInvoker.java:686)
at org.testng.internal.invokers.TestInvoker.invokeTestMethod(TestInvoker.java:230)
at org.testng.internal.invokers.MethodRunner.runInSequence(MethodRunner.java:63)
at org.testng.internal.invokers.TestInvoker$MethodInvocationAgent.invoke(TestInvoker.java:992)
at org.testng.internal.invokers.TestInvoker.invokeTestMethods(TestInvoker.java:203)
at org.testng.internal.invokers.TestMethodWorker.invokeTestMethods(TestMethodWorker.java:154)
at org.testng.internal.invokers.TestMethodWorker.run(TestMethodWorker.java:134)
at java.base/java.util.ArrayList.forEach(ArrayList.java:1597)
at org.testng.TestRunner.privateRun(TestRunner.java:739)
at org.testng.TestRunner.run(TestRunner.java:614)
at org.testng.SuiteRunner.runTest(SuiteRunner.java:421)
at org.testng.SuiteRunner$SuiteWorker.run(SuiteRunner.java:463)
at org.testng.internal.thread.ThreadUtil.lambda$execute$0(ThreadUtil.java:64)
at java.base/java.util.concurrent.FutureTask.run(FutureTask.java:317)
at java.base/java.util.concurrent.ThreadPoolExecutor.runWorker(ThreadPoolExecutor.java:1144)
at java.base/java.util.concurrent.ThreadPoolExecutor$Worker.run(ThreadPoolExecutor.java:642)
at java.base/java.lang.Thread.run(Thread.java:1570)
]]>
            </full-stacktrace>
          </exception> <!-- java.lang.AssertionError -->
          <reporter-output>
          </reporter-output>
        </test-method> <!-- orderTest -->
        <test-method is-config="true" signature="tearDown()[pri:0, instance:com.enterprise.tests.StandAloneTest@5a5a729f]" started-at="2025-10-23T21:24:30 IST" name="tearDown" finished-at="2025-10-23T21:24:31 IST" duration-ms="160" status="PASS">
          <reporter-output>
          </reporter-output>
        </test-method> <!-- tearDown -->
      </class> <!-- com.enterprise.tests.StandAloneTest -->
    </test> <!-- Standalone Test -->
  </suite> <!-- Suite -->
</testng-results>
